[debug] [2024-02-08T20:31:02.143Z] ----------------------------------------------------------------------
[debug] [2024-02-08T20:31:02.147Z] Command:       C:\Program Files\nodejs\node.exe C:\Users\d.alvarez\AppData\Roaming\npm\node_modules\firebase-tools\lib\bin\firebase.js init
[debug] [2024-02-08T20:31:02.148Z] CLI Version:   13.2.1
[debug] [2024-02-08T20:31:02.149Z] Platform:      win32
[debug] [2024-02-08T20:31:02.150Z] Node Version:  v18.15.0
[debug] [2024-02-08T20:31:02.153Z] Time:          Thu Feb 08 2024 17:31:02 GMT-0300 (hora de verano de Chile)
[debug] [2024-02-08T20:31:02.153Z] ----------------------------------------------------------------------
[debug] 
[debug] [2024-02-08T20:31:02.158Z] >>> [apiv2][query] GET https://firebase-public.firebaseio.com/cli.json [none]
[debug] [2024-02-08T20:31:02.366Z] > command requires scopes: ["email","openid","https://www.googleapis.com/auth/cloudplatformprojects.readonly","https://www.googleapis.com/auth/firebase","https://www.googleapis.com/auth/cloud-platform"]
[debug] [2024-02-08T20:31:02.366Z] > authorizing via signed-in user (d.alvarez@procure.cl)
[info] 
     ######## #### ########  ######## ########     ###     ######  ########
     ##        ##  ##     ## ##       ##     ##  ##   ##  ##       ##
     ######    ##  ########  ######   ########  #########  ######  ######
     ##        ##  ##    ##  ##       ##     ## ##     ##       ## ##
     ##       #### ##     ## ######## ########  ##     ##  ######  ########

You're about to initialize a Firebase project in this directory:

  C:\Users\d.alvarez\Documents\starter-kit

Before we get started, keep in mind:

  * You are initializing within an existing Firebase project directory

[debug] [2024-02-08T20:31:02.701Z] <<< [apiv2][status] GET https://firebase-public.firebaseio.com/cli.json 200
[debug] [2024-02-08T20:31:02.703Z] <<< [apiv2][body] GET https://firebase-public.firebaseio.com/cli.json {"cloudBuildErrorAfter":1594252800000,"cloudBuildWarnAfter":1590019200000,"defaultNode10After":1594252800000,"minVersion":"3.0.5","node8DeploysDisabledAfter":1613390400000,"node8RuntimeDisabledAfter":1615809600000,"node8WarnAfter":1600128000000}
[debug] [2024-02-09T15:04:37.650Z] ----------------------------------------------------------------------
[debug] [2024-02-09T15:04:37.651Z] Command:       C:\Program Files\nodejs\node.exe C:\Users\d.alvarez\AppData\Roaming\npm\node_modules\firebase-tools\lib\bin\firebase.js init
[debug] [2024-02-09T15:04:37.652Z] CLI Version:   13.2.1
[debug] [2024-02-09T15:04:37.652Z] Platform:      win32
[debug] [2024-02-09T15:04:37.652Z] Node Version:  v18.15.0
[debug] [2024-02-09T15:04:37.653Z] Time:          Fri Feb 09 2024 12:04:37 GMT-0300 (hora de verano de Chile)
[debug] [2024-02-09T15:04:37.653Z] ----------------------------------------------------------------------
[debug] 
[debug] [2024-02-09T15:04:37.709Z] > command requires scopes: ["email","openid","https://www.googleapis.com/auth/cloudplatformprojects.readonly","https://www.googleapis.com/auth/firebase","https://www.googleapis.com/auth/cloud-platform"]
[debug] [2024-02-09T15:04:37.709Z] > authorizing via signed-in user (d.alvarez@procure.cl)
[info] 
     ######## #### ########  ######## ########     ###     ######  ########
     ##        ##  ##     ## ##       ##     ##  ##   ##  ##       ##
     ######    ##  ########  ######   ########  #########  ######  ######
     ##        ##  ##    ##  ##       ##     ## ##     ##       ## ##
     ##       #### ##     ## ######## ########  ##     ##  ######  ########

You're about to initialize a Firebase project in this directory:

  C:\Users\d.alvarez\Documents\starter-kit

Before we get started, keep in mind:

  * You are initializing within an existing Firebase project directory

